FRIS_999:
balance_obcs(option='balance')
balance_obcs(option='dampen')
balance_obcs(option='correct', d_eta=-25, d_t=2)
balance_obcs(option='correct', d_eta=-10, d_t=5)
balance_obcs(option='correct', d_eta=-7, d_t=14)
balance_obcs(option='correct', d_eta=-1, d_t=7)
balance_obcs(option='correct', d_eta=-1.5, d_t=7)

WSFRIS_999:
balance_obcs(option='balance') for all years
Then online corrections.

WSK:
balance_obcs(option='balance')
balance_obcs(option='correct', d_eta=-1.461718, d_t=1)

WSS_old_smaller:
balance_obcs(option='balance')
balance_obcs(option='correct', d_eta=-1.8, d_t=1)
balance_obcs(option='correct', d_eta=-7.5, d_t=1.75)
balance_obcs(option='correct', d_eta=-7.5, d_t=2)
balance_obcs(option='correct', d_eta=-8, d_t=3)
balance_obcs(option='correct', d_eta=-8, d_t=6)
balance_obcs(option='correct', d_eta=-3.5, d_t=17)
balance_obcs(option='correct', d_eta=-1, d_t=15)

WSS:
balance_obcs(option='balance')
balance_obcs(option='dampen')
balance_obcs(option='correct', d_eta=-11.5, d_t=1)
balance_obcs(option='correct', d_eta=2.5, d_t=1.5)