TREFHT
Annual bias: -6.260992219687833
Monthly biases: 
-2.1122956143342972
-2.4400548502796258
-3.896207370047777
-6.333509875746335
-8.248679788489092
-8.952376321767014
-8.213502107818538
-8.20630371764646
-9.018419634717658
-8.438574309069521
-5.635165707553256
-3.4249686469395275

QBOT
Annual bias: -0.0004130860174891311
Monthly biases: 
-0.00028116413435132686
-0.000231656562288459
-0.0003074137347940202
-0.00041918977252575326
-0.0004977341340771578
-0.0004748031381427304
-0.00034310656165440655
-0.000324900999574147
-0.0004546480787156826
-0.0005798751764929179
-0.0005579180221728812
-0.00047526468785423536

PSL
Annual bias: -218.23547466097975
Monthly biases: 
-244.7348969776832
-0.32373198045596446
-95.89126303773928
-103.36947783636424
-358.8653816444848
-422.6197380514704
175.62190831606483
240.45486414536362
-262.1361924745215
-367.15092703703823
-511.9529661700207
-660.5482560171776

UBOT
Annual bias: 0.032916064861832746
Monthly biases: 
0.5289591163865324
0.2605376587507884
-0.7559735687513496
-0.15941029153603867
-0.5473493487809171
-0.06332211372332933
0.1383781344816748
-0.23286036099620425
0.23114762046831258
-0.34290315094012874
0.6836239538652197
0.6942696352881973

VBOT
Annual bias: 0.8613587090280542
Monthly biases: 
-0.09208659930177235
0.301829225548892
1.370188248528442
1.266217932999052
1.4906645956246998
1.1099903003636151
0.47299189857443336
0.6658413207297403
1.1049532423784074
1.5707443163018273
0.8684953112783714
0.18149515080996648

PRECT
Annual bias: -1.7444762074998065e-09
Monthly biases: 
3.5259330482837213e-10
-7.833621243694535e-11
-2.4730206187410738e-09
-3.5941805291644206e-10
-2.7990951735834665e-09
-1.9282555428311023e-09
9.37804196661269e-10
-3.0754947151414667e-10
-4.392584826008176e-09
-6.526961223729408e-09
-3.3374309568694343e-09
4.172187541909439e-11

FSDS
Annual bias: -14.012794364166808
Monthly biases: 
-23.752497315775884
-22.08049560405152
-14.50010111309797
-3.3252394361761723
-0.025673122335804266
9.581513879563294e-15
4.1070245060836896e-05
-0.15594244021749404
-10.197460534771906
-26.318441018969622
-35.7872197768267
-32.0105030780237

FLDS
Annual bias: 24.221573093481236
Monthly biases: 
3.8769793200419542
7.096170265977207
19.535228044255973
26.9979226434194
32.90751482606302
33.53968592546303
27.430879433457704
26.503996775246264
34.61786155582581
37.80101217500197
27.952956716342584
12.398669440679868

